Wdecgrec/Wdecgrec/proguard/seeds.txt
com.broadchance.wdecgrec.BaseActivity
com.broadchance.wdecgrec.BaseActivity: BaseActivity()
com.broadchance.wdecgrec.BaseActivity: void onClick(android.view.View)
com.broadchance.wdecgrec.alert.AlertStatus: com.broadchance.wdecgrec.alert.AlertStatus[] values()
com.broadchance.wdecgrec.alert.AlertStatus: com.broadchance.wdecgrec.alert.AlertStatus valueOf(java.lang.String)
com.broadchance.wdecgrec.alert.AlertType: com.broadchance.wdecgrec.alert.AlertType[] values()
com.broadchance.wdecgrec.alert.AlertType: com.broadchance.wdecgrec.alert.AlertType valueOf(java.lang.String)
com.broadchance.wdecgrec.test.TestJNI
com.broadchance.wdecgrec.test.TestJNI: java.lang.String stringFromJNI()
com.broadchance.wdecgrec.test.TestJNI: java.lang.String stringFromJNIStatic()
com.broadchance.wdecgrec.test.TestJNI: com.broadchance.wdecgrec.test.TestJNI testObjParam()
com.broadchance.wdecgrec.test.TestJNI: void testSetValue(int)
com.broadchance.wdecgrec.test.TestJNI: int testGetValue()
com.broadchance.wdecgrec.test.TestJNI: int[] testIntArray(int[])
...
android.support.v4.view.ViewCompat$LollipopViewCompatImpl
android.support.v4.view.ViewCompat$LollipopViewCompatImpl: ViewCompat$LollipopViewCompatImpl()
android.support.v4.view.ViewCompat$LollipopViewCompatImpl: void setTransitionName(android.view.View,java.lang.String)
android.support.v4.view.ViewCompat$LollipopViewCompatImpl: java.lang.String getTransitionName(android.view.View)
android.support.v4.view.ViewCompat$LollipopViewCompatImpl: void requestApplyInsets(android.view.View)
android.support.v4.view.ViewCompat$LollipopViewCompatImpl: void setElevation(android.view.View,float)
android.support.v4.view.ViewCompat$LollipopViewCompatImpl: float getElevation(android.view.View)
android.support.v4.view.ViewCompat$LollipopViewCompatImpl: void setTranslationZ(android.view.View,float)
android.support.v4.view.ViewCompat$LollipopViewCompatImpl: float getTranslationZ(android.view.View)
android.support.v4.view.ViewCompat$LollipopViewCompatImpl: void setOnApplyWindowInsetsListener(android.view.View,android.support.v4.view.OnApplyWindowInsetsListener)
android.support.v4.view.ViewCompat$LollipopViewCompatImpl: void setNestedScrollingEnabled(android.view.View,boolean)
android.support.v4.view.ViewCompat$LollipopViewCompatImpl: boolean isNestedScrollingEnabled(android.view.View)
android.support.v4.view.ViewCompat$LollipopViewCompatImpl: boolean startNestedScroll(android.view.View,int)
android.support.v4.view.ViewCompat$OverScroll
android.support.v4.view.ViewCompat$ResolvedLayoutDirectionMode
android.support.v4.view.ViewCompat$ViewCompatImpl
android.support.v4.view.ViewCompat$ViewCompatImpl: boolean canScrollHorizontally(android.view.View,int)
android.support.v4.view.ViewCompat$ViewCompatImpl: boolean canScrollVertically(android.view.View,int)
android.support.v4.view.ViewCompat$ViewCompatImpl: int getOverScrollMode(android.view.View)
android.support.v4.view.ViewCompat$ViewCompatImpl: void setOverScrollMode(android.view.View,int)
android.support.v4.view.ViewCompat$ViewCompatImpl: void onInitializeAccessibilityEvent(android.view.View,android.view.accessibility.AccessibilityEvent)
android.support.v4.view.ViewCompat$ViewCompatImpl: void onPopulateAccessibilityEvent(android.view.View,android.view.accessibility.AccessibilityEvent)
android.support.v4.view.ViewCompat$ViewCompatImpl: void onInitializeAccessibilityNodeInfo(android.view.View,android.support.v4.view.accessibility.AccessibilityNodeInfoCompat)
android.support.v4.view.ViewCompat$ViewCompatImpl: void setAccessibilityDelegate(android.view.View,android.support.v4.view.AccessibilityDelegateCompat)
android.support.v4.view.ViewCompat$ViewCompatImpl: boolean hasAccessibilityDelegate(android.view.View)
android.support.v4.view.ViewCompat$ViewCompatImpl: boolean hasTransientState(android.view.View)
android.support.v4.view.ViewCompat$ViewCompatImpl: void setHasTransientState(android.view.View,boolean)
android.support.v4.view.ViewCompat$ViewCompatImpl: void postInvalidateOnAnimation(android.view.View)