Wdecgrec/Wdecgrec/proguard/mapping.txt
com.broadchance.wdecgrec.BaseActivity -> com.broadchance.wdecgrec.BaseActivity:
    android.content.res.Resources localRes -> a
    com.broadchance.utils.SSXLXService serverService -> b
    com.broadchance.utils.ClientGameService clientService -> c
    void onCreate(android.os.Bundle) -> onCreate
    java.lang.String getSkinString(int) -> a
    float getSkinDimen(int) -> b
    android.graphics.drawable.Drawable getSkinDrawable(int) -> c
    int getSkinColor(int) -> d
    android.content.SharedPreferences getSharedPreferences() -> a
    java.lang.String getPreferencesString(java.lang.String) -> a
    boolean getPreferencesBoolean(java.lang.String) -> b
    long getPreferencesLong(java.lang.String) -> c
    void putPreferencesBoolean(java.lang.String,boolean) -> a
    void putPreferencesString(java.lang.String,java.lang.String) -> a
    void putPreferencesLong(java.lang.String,long) -> a
    void showToast(java.lang.String) -> d
    void onResume() -> onResume
    void onPause() -> onPause
    void onClick(android.view.View) -> onClick
com.broadchance.wdecgrec.HttpReqCallBack -> com.broadchance.wdecgrec.a:
    boolean isShowLoading -> b
    boolean isShowLoading() -> b
com.broadchance.wdecgrec.HttpReqCallBackInterface -> com.broadchance.wdecgrec.b:
    android.app.Activity getReqActivity() -> a
    void doSuccess(java.lang.Object) -> a
    void doError(java.lang.String) -> a
com.broadchance.wdecgrec.Skinable -> com.broadchance.wdecgrec.c:
    void loadSkin() -> f_
com.broadchance.wdecgrec.alert.AlertMachine -> com.broadchance.wdecgrec.a.a:
    java.lang.String TAG -> a
    com.broadchance.utils.ClientGameService clientService -> d
    java.util.Map alertWorkers -> e
    java.util.Map alertCFGs -> f
    java.util.List alert_ids -> b
    int AlertA00001_Delay_Raise -> g
    int AlertA00001_Delay_Clear -> h
    int AlertA00002_Delay_Raise -> i
    int AlertA00002_Delay_Clear -> j
    int AlertA00003_Delay_Raise -> k
    int AlertA00003_Delay_Clear -> l
    int AlertA00004_Delay_Raise -> m
    float AlertA00004_Limit_Raise -> n
    int AlertA00004_Delay_Clear -> o
    float AlertA00004_Limit_Clear -> p
    int AlertA00005_Delay_Raise -> q
    float AlertA00005_Limit_Raise -> r
    int AlertA00005_Delay_Clear -> s
    float AlertA00005_Limit_Clear -> t
    int AlertB00001_Delay_Raise -> u
    int AlertB00001_Limit_Raise -> v
    int AlertB00001_Delay_Clear -> w
    int AlertB00001_Limit_Clear -> x
    int AlertB00002_Delay_Raise -> y
    int AlertB00002_Limit_Raise -> z
    int AlertB00002_Delay_Clear -> A
    int AlertB00002_Limit_Clear -> B
    int AlertB00003_Delay_Raise -> C
    int AlertB00003_Limit_Raise -> D
    int AlertB00003_Delay_Clear -> E
    int AlertB00003_Limit_Clear -> F
    java.util.concurrent.ScheduledExecutorService mEService -> c
    com.broadchance.wdecgrec.alert.AlertMachine _Instance -> G
    java.util.concurrent.atomic.AtomicBoolean atSend -> H
com.broadchance.wdecgrec.alert.AlertMachine$1 -> com.broadchance.wdecgrec.a.b:
    com.broadchance.wdecgrec.alert.AlertMachine this$0 -> a
    android.app.Activity getReqActivity() -> a
    void doSuccess(com.broadchance.entity.serverentity.ServerResponse) -> a
    void doError(java.lang.String) -> a
    void doSuccess(java.lang.Object) -> a
com.broadchance.wdecgrec.alert.AlertStatus -> com.broadchance.wdecgrec.a.c:
    com.broadchance.wdecgrec.alert.AlertStatus NONE -> a
    com.broadchance.wdecgrec.alert.AlertStatus AlertSending -> b
    com.broadchance.wdecgrec.alert.AlertStatus AlertCancelSending -> c
    com.broadchance.wdecgrec.alert.AlertStatus[] ENUM$VALUES -> d
    com.broadchance.wdecgrec.alert.AlertStatus[] values() -> values
    com.broadchance.wdecgrec.alert.AlertStatus valueOf(java.lang.String) -> valueOf
...
android.support.v4.view.accessibility.AccessibilityNodeProviderCompat -> android.support.v4.view.accessibility.AccessibilityNodeProviderCompat:
    android.support.v4.view.accessibility.AccessibilityNodeProviderCompat$AccessibilityNodeProviderImpl IMPL -> IMPL
    java.lang.Object mProvider -> mProvider
    java.lang.Object getProvider() -> getProvider
    android.support.v4.view.accessibility.AccessibilityNodeInfoCompat createAccessibilityNodeInfo(int) -> createAccessibilityNodeInfo
    boolean performAction(int,int,android.os.Bundle) -> performAction
    java.util.List findAccessibilityNodeInfosByText(java.lang.String,int) -> findAccessibilityNodeInfosByText
    android.support.v4.view.accessibility.AccessibilityNodeInfoCompat findFocus(int) -> findFocus
android.support.v4.view.accessibility.AccessibilityNodeProviderCompat$AccessibilityNodeProviderImpl -> android.support.v4.view.accessibility.AccessibilityNodeProviderCompat$AccessibilityNodeProviderImpl:
    java.lang.Object newAccessibilityNodeProviderBridge(android.support.v4.view.accessibility.AccessibilityNodeProviderCompat) -> newAccessibilityNodeProviderBridge
android.support.v4.view.accessibility.AccessibilityNodeProviderCompat$AccessibilityNodeProviderJellyBeanImpl -> android.support.v4.view.accessibility.AccessibilityNodeProviderCompat$AccessibilityNodeProviderJellyBeanImpl:
    java.lang.Object newAccessibilityNodeProviderBridge(android.support.v4.view.accessibility.AccessibilityNodeProviderCompat) -> newAccessibilityNodeProviderBridge
android.support.v4.view.accessibility.AccessibilityNodeProviderCompat$AccessibilityNodeProviderJellyBeanImpl$1 -> android.support.v4.view.accessibility.AccessibilityNodeProviderCompat$AccessibilityNodeProviderJellyBeanImpl$1:
    android.support.v4.view.accessibility.AccessibilityNodeProviderCompat val$compat -> val$compat
    android.support.v4.view.accessibility.AccessibilityNodeProviderCompat$AccessibilityNodeProviderJellyBeanImpl this$0 -> this$0
    boolean performAction(int,int,android.os.Bundle) -> performAction
    java.util.List findAccessibilityNodeInfosByText(java.lang.String,int) -> findAccessibilityNodeInfosByText
    java.lang.Object createAccessibilityNodeInfo(int) -> createAccessibilityNodeInfo
android.support.v4.view.accessibility.AccessibilityNodeProviderCompat$AccessibilityNodeProviderKitKatImpl -> android.support.v4.view.accessibility.AccessibilityNodeProviderCompat$AccessibilityNodeProviderKitKatImpl:
    java.lang.Object newAccessibilityNodeProviderBridge(android.support.v4.view.accessibility.AccessibilityNodeProviderCompat) -> newAccessibilityNodeProviderBridge
android.support.v4.view.accessibility.AccessibilityNodeProviderCompat$AccessibilityNodeProviderKitKatImpl$1 -> android.support.v4.view.accessibility.AccessibilityNodeProviderCompat$AccessibilityNodeProviderKitKatImpl$1:
    android.support.v4.view.accessibility.AccessibilityNodeProviderCompat val$compat -> val$compat
    android.support.v4.view.accessibility.AccessibilityNodeProviderCompat$AccessibilityNodeProviderKitKatImpl this$0 -> this$0
    boolean performAction(int,int,android.os.Bundle) -> performAction
    java.util.List findAccessibilityNodeInfosByText(java.lang.String,int) -> findAccessibilityNodeInfosByText
    java.lang.Object createAccessibilityNodeInfo(int) -> createAccessibilityNodeInfo
    java.lang.Object findFocus(int) -> findFocus
android.support.v4.view.accessibility.AccessibilityNodeProviderCompat$AccessibilityNodeProviderStubImpl -> android.support.v4.view.accessibility.AccessibilityNodeProviderCompat$AccessibilityNodeProviderStubImpl:
    java.lang.Object newAccessibilityNodeProviderBridge(android.support.v4.view.accessibility.AccessibilityNodeProviderCompat) -> newAccessibilityNodeProviderBridge